<?xml version="1.0" encoding="UTF-8"?>
<testng-results ignored="0" total="2" passed="2" failed="0" skipped="0">
  <reporter-output>
  </reporter-output>
  <suite started-at="2024-10-26T08:56:42 IST" name="Suite" finished-at="2024-10-26T08:56:59 IST" duration-ms="17172">
    <groups>
      <group name="Master">
        <method signature="TC002_LoginPageTest.verifyLogin()[pri:0, instance:testCases.TC002_LoginPageTest@704f1591]" name="verifyLogin" class="testCases.TC002_LoginPageTest"/>
        <method signature="TC_001AccountRegistrationTest.verify_accountRegistration()[pri:0, instance:testCases.TC_001AccountRegistrationTest@5ddea849]" name="verify_accountRegistration" class="testCases.TC_001AccountRegistrationTest"/>
      </group> <!-- Master -->
      <group name="Sanity">
        <method signature="TC002_LoginPageTest.verifyLogin()[pri:0, instance:testCases.TC002_LoginPageTest@704f1591]" name="verifyLogin" class="testCases.TC002_LoginPageTest"/>
      </group> <!-- Sanity -->
      <group name="Regression">
        <method signature="TC_001AccountRegistrationTest.verify_accountRegistration()[pri:0, instance:testCases.TC_001AccountRegistrationTest@5ddea849]" name="verify_accountRegistration" class="testCases.TC_001AccountRegistrationTest"/>
      </group> <!-- Regression -->
    </groups>
    <test started-at="2024-10-26T08:56:42 IST" name="Test" finished-at="2024-10-26T08:56:59 IST" duration-ms="17172">
      <class name="testCases.TC_001AccountRegistrationTest">
        <test-method is-config="true" signature="setApp(java.lang.String,java.lang.String)[pri:0, instance:testCases.TC_001AccountRegistrationTest@5ddea849]" started-at="2024-10-26T08:56:42 IST" name="setApp" finished-at="2024-10-26T08:56:48 IST" duration-ms="5738" status="PASS">
          <params>
            <param index="0">
              <value>
                <![CDATA[Windows]]>
              </value>
            </param>
            <param index="1">
              <value>
                <![CDATA[chrome]]>
              </value>
            </param>
          </params>
          <reporter-output>
          </reporter-output>
        </test-method> <!-- setApp -->
        <test-method signature="verify_accountRegistration()[pri:0, instance:testCases.TC_001AccountRegistrationTest@5ddea849]" started-at="2024-10-26T08:56:48 IST" name="verify_accountRegistration" finished-at="2024-10-26T08:56:51 IST" duration-ms="2818" status="PASS">
          <reporter-output>
          </reporter-output>
        </test-method> <!-- verify_accountRegistration -->
        <test-method is-config="true" signature="tearDown()[pri:0, instance:testCases.TC_001AccountRegistrationTest@5ddea849]" started-at="2024-10-26T08:56:51 IST" name="tearDown" finished-at="2024-10-26T08:56:51 IST" duration-ms="130" status="PASS">
          <reporter-output>
          </reporter-output>
        </test-method> <!-- tearDown -->
      </class> <!-- testCases.TC_001AccountRegistrationTest -->
      <class name="testCases.TC002_LoginPageTest">
        <test-method is-config="true" signature="setApp(java.lang.String,java.lang.String)[pri:0, instance:testCases.TC002_LoginPageTest@704f1591]" started-at="2024-10-26T08:56:51 IST" name="setApp" finished-at="2024-10-26T08:56:57 IST" duration-ms="6189" status="PASS">
          <params>
            <param index="0">
              <value>
                <![CDATA[Windows]]>
              </value>
            </param>
            <param index="1">
              <value>
                <![CDATA[chrome]]>
              </value>
            </param>
          </params>
          <reporter-output>
          </reporter-output>
        </test-method> <!-- setApp -->
        <test-method signature="verifyLogin()[pri:0, instance:testCases.TC002_LoginPageTest@704f1591]" started-at="2024-10-26T08:56:57 IST" name="verifyLogin" finished-at="2024-10-26T08:56:59 IST" duration-ms="1775" status="PASS">
          <reporter-output>
          </reporter-output>
        </test-method> <!-- verifyLogin -->
        <test-method is-config="true" signature="tearDown()[pri:0, instance:testCases.TC002_LoginPageTest@704f1591]" started-at="2024-10-26T08:56:59 IST" name="tearDown" finished-at="2024-10-26T08:56:59 IST" duration-ms="166" status="PASS">
          <reporter-output>
          </reporter-output>
        </test-method> <!-- tearDown -->
      </class> <!-- testCases.TC002_LoginPageTest -->
    </test> <!-- Test -->
  </suite> <!-- Suite -->
</testng-results>
